<?xml version="1.0" encoding="UTF-8"?>
<coverage generated="1603406228865" clover="3.2.0">
  <project timestamp="1603406228865" name="All files">
    <metrics statements="14" coveredstatements="6" conditionals="0" coveredconditionals="0" methods="12" coveredmethods="4" elements="26" coveredelements="10" complexity="0" loc="14" ncloc="14" packages="1" files="1" classes="1"/>
    <file name="store.js" path="C:\Users\akash\Desktop\skylabNewRepo\skylab-bootcamp-202010\akash-sapkota\challenges\week3\pokemon-challenge\store.js">
      <metrics statements="14" coveredstatements="6" conditionals="0" coveredconditionals="0" methods="12" coveredmethods="4"/>
      <line num="6" count="1" type="stmt"/>
      <line num="7" count="1" type="stmt"/>
      <line num="9" count="1" type="stmt"/>
      <line num="15" count="1" type="stmt"/>
      <line num="19" count="0" type="stmt"/>
      <line num="20" count="0" type="stmt"/>
      <line num="22" count="0" type="stmt"/>
      <line num="26" count="0" type="stmt"/>
      <line num="29" count="0" type="stmt"/>
      <line num="30" count="0" type="stmt"/>
      <line num="32" count="0" type="stmt"/>
      <line num="37" count="0" type="stmt"/>
      <line num="42" count="1" type="stmt"/>
      <line num="44" count="1" type="stmt"/>
    </file>
  </project>
</coverage>
